<?xml version="1.0" encoding="UTF-8"?>
<!-- Generated by org.testng.reporters.JUnitXMLReporter -->
<testsuite ignored="2" hostname="DESKTOP-JET7EDG" failures="0" tests="1" name="newTest(failed)" time="23.277" errors="0" timestamp="2024-06-12T08:00:29 IST">
  <testcase classname="testCases.LoginPage_Test" name="verifyTitleOfApplicationTest" time="5.546"/>
  <testcase classname="testCases.LoginPage_Test" name="loginToApplicationTest" time="0.0">
    <ignored/>
  </testcase> <!-- loginToApplicationTest -->
  <testcase classname="testCases.LoginPage_Test" name="verifyURLOfApplicationTest" time="0.0">
    <ignored/>
  </testcase> <!-- verifyURLOfApplicationTest -->
</testsuite> <!-- newTest(failed) -->
