<?xml version="1.0" encoding="UTF-8"?>
<!-- Generated by org.testng.reporters.JUnitXMLReporter -->
<testsuite ignored="0" hostname="DESKTOP-JET7EDG" failures="1" tests="11" name="newTest" time="151.124" errors="0" timestamp="2024-06-12T07:56:41 IST">
  <testcase classname="testCases.Cart_Page_Test" name="clickonCheckOutBtnTest" time="0.412"/>
  <testcase classname="testCases.Cart_Page_Test" name="verifyPageTitleTest" time="0.184"/>
  <testcase classname="testCases.Cart_Page_Test" name="verifycartPageURLTest" time="0.043"/>
  <testcase classname="testCases.CheckOut_Step_One_Page_Test" name="inputInformationTest" time="1.221"/>
  <testcase classname="testCases.LoginPage_Test" name="loginToApplicationTest" time="5.648"/>
  <testcase classname="testCases.LoginPage_Test" name="verifyTitleOfApplicationTest" time="0.271">
    <failure type="java.lang.NullPointerException" message="Cannot invoke &amp;quot;org.apache.poi.ss.usermodel.Cell.getStringCellValue()&amp;quot; because the return value of &amp;quot;org.apache.poi.ss.usermodel.Row.getCell(int)&amp;quot; is null">
      <![CDATA[java.lang.NullPointerException: Cannot invoke "org.apache.poi.ss.usermodel.Cell.getStringCellValue()" because the return value of "org.apache.poi.ss.usermodel.Row.getCell(int)" is null
at utility.ReadData.readExecl(ReadData.java:24)
at testCases.LoginPage_Test.verifyTitleOfApplicationTest(LoginPage_Test.java:47)
at java.base/java.util.ArrayList.forEach(ArrayList.java:1511)
... Removed 27 stack frames]]>
    </failure>
  </testcase> <!-- verifyTitleOfApplicationTest -->
  <testcase classname="testCases.LoginPage_Test" name="verifyURLOfApplicationTest" time="0.498"/>
  <testcase classname="testCases.Inventory_Page_Test" name="add6Products" time="5.117"/>
  <testcase classname="testCases.Inventory_Page_Test" name="remove2ProductsTest" time="7.377"/>
  <testcase classname="testCases.Inventory_Page_Test" name="verifyPageTitleTest" time="0.158"/>
  <testcase classname="testCases.Inventory_Page_Test" name="verifyTwitterLogoTest" time="0.144"/>
</testsuite> <!-- newTest -->
