<?xml version="1.0" encoding="UTF-8"?>
<!-- Generated by org.testng.reporters.JUnitXMLReporter -->
<testsuite ignored="7" hostname="DESKTOP-JET7EDG" failures="0" tests="6" name="GroupTest" time="70.907" errors="0" timestamp="2024-06-15T08:05:57 IST">
  <testcase classname="testCases.CheckOut_Step_One_Page_Test" name="inputInformationTest" time="1.234"/>
  <testcase classname="testCases.LoginPage_Test" name="loginToApplicationTest" time="5.074"/>
  <testcase classname="testCases.LoginPage_Test" name="verifyURLOfApplicationTest" time="0.242"/>
  <testcase classname="testCases.Inventory_Page_Test" name="verifyFacebookLogoTest" time="0.157"/>
  <testcase classname="testCases.Inventory_Page_Test" name="verifyPageTitleTest" time="0.207"/>
  <testcase classname="testCases.Inventory_Page_Test" name="add6Products" time="4.364"/>
  <testcase classname="testCases.LoginPage_Test" name="verifyTitleOfApplicationTest" time="0.0">
    <ignored/>
  </testcase> <!-- verifyTitleOfApplicationTest -->
  <testcase classname="testCases.CheckOut_Step_Two_Page_Test" name="verifyPaymentInfoLableTest" time="0.0">
    <ignored/>
  </testcase> <!-- verifyPaymentInfoLableTest -->
  <testcase classname="testCases.CheckOut_Step_Two_Page_Test" name="clickOnFinishBtnTest" time="0.0">
    <ignored/>
  </testcase> <!-- clickOnFinishBtnTest -->
  <testcase classname="testCases.Inventory_Page_Test" name="remove2ProductsTest" time="0.0">
    <ignored/>
  </testcase> <!-- remove2ProductsTest -->
  <testcase classname="testCases.CheckOut_Step_Two_Page_Test" name="verifySauceCradLableTest" time="0.0">
    <ignored/>
  </testcase> <!-- verifySauceCradLableTest -->
  <testcase classname="testCases.Inventory_Page_Test" name="verifyLinkdInLogo" time="0.0">
    <ignored/>
  </testcase> <!-- verifyLinkdInLogo -->
  <testcase classname="testCases.Inventory_Page_Test" name="verifyTwitterLogoTest" time="0.0">
    <ignored/>
  </testcase> <!-- verifyTwitterLogoTest -->
</testsuite> <!-- GroupTest -->
