<?xml version="1.0" encoding="UTF-8"?>
<testng-results ignored="0" total="2" passed="2" failed="0" skipped="0">
  <reporter-output>
    <line>
      <![CDATA[Login Successful= https://www.saucedemo.com/inventory.html]]>
    </line>
  </reporter-output>
  <suite started-at="2024-06-30T18:23:29 IST" name="Default suite" finished-at="2024-06-30T18:23:56 IST" duration-ms="26320">
    <groups>
      <group name="Sanity">
        <method signature="LoginPage_Test.loginToApplicationTest()[pri:0, instance:testCases.LoginPage_Test@47e2e487]" name="loginToApplicationTest" class="testCases.LoginPage_Test"/>
      </group> <!-- Sanity -->
      <group name="Retest">
        <method signature="LoginPage_Test.verifyTitleOfApplicationTest()[pri:0, instance:testCases.LoginPage_Test@47e2e487]" name="verifyTitleOfApplicationTest" class="testCases.LoginPage_Test"/>
      </group> <!-- Retest -->
    </groups>
    <test started-at="2024-06-30T18:23:29 IST" name="Default test" finished-at="2024-06-30T18:23:56 IST" duration-ms="26320">
      <class name="testCases.LoginPage_Test">
        <test-method is-config="true" signature="setUp()[pri:0, instance:testCases.LoginPage_Test@47e2e487]" started-at="2024-06-30T18:23:29 IST" name="setUp" finished-at="2024-06-30T18:23:44 IST" duration-ms="14587" status="PASS">
          <reporter-output>
          </reporter-output>
        </test-method> <!-- setUp -->
        <test-method signature="loginToApplicationTest()[pri:0, instance:testCases.LoginPage_Test@47e2e487]" started-at="2024-06-30T18:23:44 IST" name="loginToApplicationTest" finished-at="2024-06-30T18:23:46 IST" duration-ms="2003" status="PASS">
          <reporter-output>
            <line>
              <![CDATA[Login Successful= https://www.saucedemo.com/inventory.html]]>
            </line>
          </reporter-output>
        </test-method> <!-- loginToApplicationTest -->
        <test-method is-config="true" signature="closeBrowser(org.testng.ITestResult)[pri:0, instance:testCases.LoginPage_Test@47e2e487]" started-at="2024-06-30T18:23:46 IST" name="closeBrowser" finished-at="2024-06-30T18:23:47 IST" duration-ms="1091" status="PASS">
          <params>
            <param index="0">
              <value>
                <![CDATA[[TestResult name=loginToApplicationTest status=SUCCESS method=LoginPage_Test.loginToApplicationTest()[pri:0, instance:testCases.LoginPage_Test@47e2e487] output=Login Successful= https://www.saucedemo.com/inventory.html]]]>
              </value>
            </param>
          </params>
          <reporter-output>
          </reporter-output>
        </test-method> <!-- closeBrowser -->
        <test-method is-config="true" signature="setUp()[pri:0, instance:testCases.LoginPage_Test@47e2e487]" started-at="2024-06-30T18:23:47 IST" name="setUp" finished-at="2024-06-30T18:23:54 IST" duration-ms="7034" status="PASS">
          <reporter-output>
          </reporter-output>
        </test-method> <!-- setUp -->
        <test-method signature="verifyTitleOfApplicationTest()[pri:0, instance:testCases.LoginPage_Test@47e2e487]" started-at="2024-06-30T18:23:54 IST" name="verifyTitleOfApplicationTest" finished-at="2024-06-30T18:23:55 IST" duration-ms="1100" status="PASS">
          <reporter-output>
          </reporter-output>
        </test-method> <!-- verifyTitleOfApplicationTest -->
        <test-method is-config="true" signature="closeBrowser(org.testng.ITestResult)[pri:0, instance:testCases.LoginPage_Test@47e2e487]" started-at="2024-06-30T18:23:55 IST" name="closeBrowser" finished-at="2024-06-30T18:23:56 IST" duration-ms="402" status="PASS">
          <params>
            <param index="0">
              <value>
                <![CDATA[[TestResult name=verifyTitleOfApplicationTest status=SUCCESS method=LoginPage_Test.verifyTitleOfApplicationTest()[pri:0, instance:testCases.LoginPage_Test@47e2e487] output={null}]]]>
              </value>
            </param>
          </params>
          <reporter-output>
          </reporter-output>
        </test-method> <!-- closeBrowser -->
      </class> <!-- testCases.LoginPage_Test -->
    </test> <!-- Default test -->
  </suite> <!-- Default suite -->
</testng-results>
